Compiling main.fut...
Reporting arithmetic mean runtime of at least 10 runs for each dataset (min 0.5s).
More runs automatically performed for up to 300s to ensure accurate measurement.

main.fut (no tuning file):
data/200_10.in:              580μs (95% CI: [     579.5,      581.5])
data/200_100.in:            8401μs (95% CI: [    8393.1,     8411.0])
data/200_1000.in:          67894μs (95% CI: [   66797.2,    69536.0])
data/200_10000.in:        671923μs (95% CI: [  670638.3,   672390.8])
data/200_100000.in:      6859106μs (95% CI: [ 6798849.3,  7028204.0])
data/400_10.in:              389μs (95% CI: [     388.5,      389.0])
data/400_100.in:            6608μs (95% CI: [    6604.5,     6612.4])
data/400_1000.in:          66944μs (95% CI: [   66915.9,    67003.1])
data/400_10000.in:        683525μs (95% CI: [  682694.2,   683953.3])
data/400_100000.in:      6901517μs (95% CI: [ 6898095.3,  6910499.8])
data/800_10.in:              515μs (95% CI: [     514.2,      515.1])
data/800_100.in:            8414μs (95% CI: [    8408.0,     8434.3])
data/800_1000.in:          67763μs (95% CI: [   67409.7,    68496.0])
data/800_10000.in:        699178μs (95% CI: [  697967.2,   700186.9])
data/800_100000.in:      7139365μs (95% CI: [ 7027534.8,  7337213.2])
data/1600_10.in:             546μs (95% CI: [     545.8,      546.8])
data/1600_100.in:           8655μs (95% CI: [    8649.9,     8666.8])
data/1600_1000.in:         70671μs (95% CI: [   69139.9,    72799.0])
data/1600_10000.in:       690598μs (95% CI: [  690028.5,   690838.0])
data/1600_100000.in:     7649502μs (95% CI: [ 7470559.5,  7889832.6])
data/3200_10.in:             670μs (95% CI: [     669.9,      671.0])
data/3200_100.in:           8866μs (95% CI: [    8859.3,     8873.7])
data/3200_1000.in:         88196μs (95% CI: [   88142.0,    88244.0])
data/3200_10000.in:       712767μs (95% CI: [  712017.7,   713429.1])
data/3200_100000.in:     7269564μs (95% CI: [ 7185460.5,  7429529.3])
data/6400_10.in:            1059μs (95% CI: [    1058.2,     1059.0])
data/6400_100.in:           7905μs (95% CI: [    7891.8,     7920.5])
data/6400_1000.in:         74168μs (95% CI: [   74036.4,    74297.7])
data/6400_10000.in:       735945μs (95% CI: [  735104.0,   736929.4])
data/6400_100000.in:     7586900μs (95% CI: [ 7504474.0,  7734161.1])
data/12000_10.in:           2688μs (95% CI: [    2687.2,     2688.9])
data/12000_100.in:          9840μs (95% CI: [    9832.4,     9849.2])
data/12000_1000.in:        79605μs (95% CI: [   79523.9,    79690.1])
data/12000_10000.in:      822390μs (95% CI: [  791041.5,   873876.3])
data/12000_100000.in:    8444151μs (95% CI: [ 8268223.8,  8565019.0])
data/24000_10.in:           9459μs (95% CI: [    9457.0,     9460.8])
data/24000_100.in:         17621μs (95% CI: [   17611.7,    17632.4])
data/24000_1000.in:       112205μs (95% CI: [  107099.1,   113937.5])
data/24000_10000.in:      941377μs (95% CI: [  911564.8,   990807.4])
data/24000_100000.in:    9084329μs (95% CI: [ 9028420.0,  9191904.6])
data/48000_10.in:          61887μs (95% CI: [   61877.0,    61910.2])
data/48000_100.in:         72496μs (95% CI: [   72483.8,    72508.7])
data/48000_1000.in:       178642μs (95% CI: [  178533.6,   178750.8])
data/48000_10000.in:     1248451μs (95% CI: [ 1247662.3,  1249320.0])
data/48000_100000.in:   12015249μs (95% CI: [12006322.7, 12023857.6])
data/96000_10.in:         314672μs (95% CI: [  313641.7,   315537.3])
data/96000_100.in:        329408μs (95% CI: [  328609.4,   330642.7])
data/96000_1000.in:       488154μs (95% CI: [  488034.0,   488270.4])
data/96000_10000.in:     2121631μs (95% CI: [ 2116835.1,  2130664.2])
data/96000_100000.in:   18556371μs (95% CI: [18481273.1, 18641239.1])
