Compiling main.fut...
Reporting arithmetic mean runtime of at least 10 runs for each dataset (min 0.5s).
More runs automatically performed for up to 300s to ensure accurate measurement.

main.fut (no tuning file):
data/200_10.in:              615μs (95% CI: [     613.3,      615.8])
data/200_100.in:            8663μs (95% CI: [    8657.2,     8674.7])
data/200_1000.in:          89275μs (95% CI: [   89257.2,    89303.0])
data/200_10000.in:        713567μs (95% CI: [  710560.8,   722044.7])
data/200_100000.in:      7097150μs (95% CI: [ 7086571.5,  7114015.5])
data/400_10.in:              425μs (95% CI: [     423.5,      426.0])
data/400_100.in:            7537μs (95% CI: [    7521.4,     7550.0])
data/400_1000.in:          70548μs (95% CI: [   70519.9,    70568.3])
data/400_10000.in:        720688μs (95% CI: [  718624.1,   721845.0])
data/400_100000.in:      7214627μs (95% CI: [ 7204385.4,  7220413.7])
data/800_10.in:              440μs (95% CI: [     439.3,      439.9])
data/800_100.in:            7316μs (95% CI: [    7296.9,     7332.8])
data/800_1000.in:          70291μs (95% CI: [   69841.7,    71084.2])
data/800_10000.in:        712737μs (95% CI: [  711119.8,   714155.6])
data/800_100000.in:      7169158μs (95% CI: [ 7165467.2,  7171650.4])
data/1600_10.in:             458μs (95% CI: [     457.4,      459.4])
data/1600_100.in:           7433μs (95% CI: [    7413.1,     7450.8])
data/1600_1000.in:         70269μs (95% CI: [   69908.1,    70958.3])
data/1600_10000.in:       713399μs (95% CI: [  712832.4,   713958.9])
data/1600_100000.in:     7193258μs (95% CI: [ 7189453.0,  7196789.1])
data/3200_10.in:             589μs (95% CI: [     588.5,      589.1])
data/3200_100.in:           7232μs (95% CI: [    7225.0,     7238.4])
data/3200_1000.in:         72050μs (95% CI: [   71997.7,    72107.8])
data/3200_10000.in:       725338μs (95% CI: [  724907.8,   725835.8])
data/3200_100000.in:     7359453μs (95% CI: [ 7355287.1,  7363737.0])
data/6400_10.in:            1090μs (95% CI: [    1089.7,     1090.6])
data/6400_100.in:           8061μs (95% CI: [    8057.4,     8065.4])
data/6400_1000.in:         76050μs (95% CI: [   75995.3,    76117.6])
data/6400_10000.in:       753975μs (95% CI: [  753031.8,   754937.5])
data/6400_100000.in:     7693687μs (95% CI: [ 7685506.3,  7701450.6])
data/12000_10.in:           2717μs (95% CI: [    2716.7,     2718.1])
data/12000_100.in:         10066μs (95% CI: [   10058.0,    10074.6])
data/12000_1000.in:        81243μs (95% CI: [   80490.3,    81679.7])
data/12000_10000.in:      796780μs (95% CI: [  795568.1,   798023.2])
data/12000_100000.in:    8070356μs (95% CI: [ 8058804.5,  8081876.7])
data/24000_10.in:           9481μs (95% CI: [    9478.3,     9486.3])
data/24000_100.in:         17706μs (95% CI: [   17694.3,    17720.3])
data/24000_1000.in:        99138μs (95% CI: [   99046.6,    99239.9])
data/24000_10000.in:      912576μs (95% CI: [  911451.7,   913731.2])
data/24000_100000.in:    9085175μs (95% CI: [ 9074262.5,  9095505.9])
data/48000_10.in:          61923μs (95% CI: [   61914.5,    61942.9])
data/48000_100.in:         72686μs (95% CI: [   72666.0,    72703.0])
data/48000_1000.in:       180301μs (95% CI: [  180160.4,   180428.7])
data/48000_10000.in:     1265460μs (95% CI: [ 1264260.1,  1266611.8])
data/48000_100000.in:   12242127μs (95% CI: [12178545.6, 12348024.3])
data/96000_10.in:         314398μs (95% CI: [  313375.6,   315324.3])
data/96000_100.in:        328451μs (95% CI: [  328249.0,   328770.3])
data/96000_1000.in:       489739μs (95% CI: [  489617.4,   489868.5])
data/96000_10000.in:     2123651μs (95% CI: [ 2122387.7,  2124912.4])
data/96000_100000.in:   18636049μs (95% CI: [18575867.9, 18701603.0])
